<?xml version="1.0" encoding="UTF-8"?>
<!-- Generated by org.testng.reporters.JUnitXMLReporter -->
<testsuite ignored="0" hostname="DESKTOP-5B1KL7O" failures="0" tests="2" name="Error Validations Test" time="0.193" errors="0" timestamp="2024-02-22T00:48:48 IST">
  <testcase classname="Shaktiacademy.tests.ErrorValidationTest" name="loginErrorValidation" time="0.0">
    <skipped/>
  </testcase> <!-- loginErrorValidation -->
  <testcase classname="Shaktiacademy.tests.ErrorValidationTest" name="productErrorValidation" time="0.0">
    <skipped/>
  </testcase> <!-- productErrorValidation -->
</testsuite> <!-- Error Validations Test -->
