<?xml version="1.0" encoding="UTF-8"?>
<!-- Generated by org.testng.reporters.JUnitXMLReporter -->
<testsuite ignored="0" hostname="DESKTOP-5B1KL7O" failures="0" tests="2" name="Error Validations Test" time="37.66" errors="0" timestamp="2024-02-22T00:55:10 IST">
  <testcase classname="Shaktiacademy.tests.ErrorValidationTest" name="loginErrorValidation" time="1.143"/>
  <testcase classname="Shaktiacademy.tests.ErrorValidationTest" name="productErrorValidation" time="3.185"/>
</testsuite> <!-- Error Validations Test -->
