<?xml version="1.0" encoding="UTF-8"?>
<!-- Generated by org.testng.reporters.JUnitXMLReporter -->
<testsuite ignored="0" hostname="DESKTOP-5B1KL7O" failures="0" tests="3" name="Submit Order Test" time="50.173" errors="0" timestamp="2024-02-22T00:55:23 IST">
  <testcase classname="Shaktiacademy.tests.SubmitOrderTest" name="submitOrder" time="6.209"/>
  <testcase classname="Shaktiacademy.tests.SubmitOrderTest" name="submitOrder" time="3.868"/>
  <testcase classname="Shaktiacademy.tests.SubmitOrderTest" name="checkorder" time="1.02"/>
</testsuite> <!-- Submit Order Test -->
