<?xml version="1.0" encoding="UTF-8"?>
<testsuite xmlns:xsi="http://www.w3.org/2001/XMLSchema-instance" xsi:noNamespaceSchemaLocation="https://maven.apache.org/surefire/maven-surefire-plugin/xsd/surefire-test-report-3.0.xsd" version="3.0" name="TestSuite" time="51.462" tests="5" errors="0" skipped="0" failures="0">
  <properties>
[...]
</properties>
  <testcase name="loginErrorValidation" classname="Shaktiacademy.tests.ErrorValidationTest" time="1.144">
    <system-err><![CDATA[SLF4J: Failed to load class "org.slf4j.impl.StaticLoggerBinder".
SLF4J: Defaulting to no-operation (NOP) logger implementation
SLF4J: See http://www.slf4j.org/codes.html#StaticLoggerBinder for further details.
Feb 22, 2024 12:54:47 AM org.openqa.selenium.devtools.CdpVersionFinder findNearestMatch
WARNING: Unable to find an exact match for CDP version 121, returning the closest version; found: 120; Please update to a Selenium version that supports CDP version 121
Feb 22, 2024 12:54:47 AM org.openqa.selenium.devtools.CdpVersionFinder findNearestMatch
WARNING: Unable to find an exact match for CDP version 121, returning the closest version; found: 120; Please update to a Selenium version that supports CDP version 121
]]></system-err>
  </testcase>
  <testcase name="productErrorValidation" classname="Shaktiacademy.tests.ErrorValidationTest" time="3.185">
    <system-err><![CDATA[Feb 22, 2024 12:55:06 AM org.openqa.selenium.devtools.CdpVersionFinder findNearestMatch
WARNING: Unable to find an exact match for CDP version 121, returning the closest version; found: 120; Please update to a Selenium version that supports CDP version 121
]]></system-err>
  </testcase>
  <testcase name="submitOrder[{password=Vikramrathore@123, product=ZARA COAT 3, email=mishra.shakti2023@gmail.com}](1)" classname="Shaktiacademy.tests.SubmitOrderTest" time="6.018">
    <system-err><![CDATA[Feb 22, 2024 12:55:02 AM org.openqa.selenium.devtools.CdpVersionFinder findNearestMatch
WARNING: Unable to find an exact match for CDP version 121, returning the closest version; found: 120; Please update to a Selenium version that supports CDP version 121
]]></system-err>
  </testcase>
  <testcase name="submitOrder[{password=Shakti@07, product=ADIDAS ORIGINAL, email=shaktisworup1998@gmail.com}](2)" classname="Shaktiacademy.tests.SubmitOrderTest" time="3.869"/>
  <testcase name="checkorder" classname="Shaktiacademy.tests.SubmitOrderTest" time="1.017">
    <system-err><![CDATA[Feb 22, 2024 12:55:17 AM org.openqa.selenium.devtools.CdpVersionFinder findNearestMatch
WARNING: Unable to find an exact match for CDP version 121, returning the closest version; found: 120; Please update to a Selenium version that supports CDP version 121
]]></system-err>
  </testcase>
</testsuite>